<?xml version="1.0" encoding="UTF-8"?>
<testng-results ignored="0" total="1" passed="1" failed="0" skipped="0">
  <reporter-output>
  </reporter-output>
  <suite started-at="2025-06-19T16:07:55 IST" name="Default suite" finished-at="2025-06-19T16:08:14 IST" duration-ms="19330">
    <groups>
    </groups>
    <test started-at="2025-06-19T16:07:55 IST" name="Default test" finished-at="2025-06-19T16:08:14 IST" duration-ms="19330">
      <class name="com.testscripts.demoblazeweb.AddToCart">
        <test-method is-config="true" signature="configBT()[pri:0, instance:com.testscripts.demoblazeweb.AddToCart@3eb81efb]" started-at="2025-06-19T16:07:55 IST" name="configBT" finished-at="2025-06-19T16:08:02 IST" duration-ms="7025" status="PASS">
          <reporter-output>
          </reporter-output>
        </test-method> <!-- configBT -->
        <test-method is-config="true" signature="configBM()[pri:0, instance:com.testscripts.demoblazeweb.AddToCart@3eb81efb]" started-at="2025-06-19T16:08:02 IST" name="configBM" finished-at="2025-06-19T16:08:07 IST" duration-ms="4895" status="PASS">
          <reporter-output>
          </reporter-output>
        </test-method> <!-- configBM -->
        <test-method signature="addToCartPageTest()[pri:0, instance:com.testscripts.demoblazeweb.AddToCart@3eb81efb]" started-at="2025-06-19T16:08:07 IST" name="addToCartPageTest" finished-at="2025-06-19T16:08:11 IST" duration-ms="4662" status="PASS">
          <reporter-output>
          </reporter-output>
        </test-method> <!-- addToCartPageTest -->
        <test-method is-config="true" signature="configAM()[pri:0, instance:com.testscripts.demoblazeweb.AddToCart@3eb81efb]" started-at="2025-06-19T16:08:11 IST" name="configAM" finished-at="2025-06-19T16:08:13 IST" duration-ms="1758" status="PASS">
          <reporter-output>
          </reporter-output>
        </test-method> <!-- configAM -->
        <test-method is-config="true" signature="configAT()[pri:0, instance:com.testscripts.demoblazeweb.AddToCart@3eb81efb]" started-at="2025-06-19T16:08:13 IST" name="configAT" finished-at="2025-06-19T16:08:14 IST" duration-ms="877" status="PASS">
          <reporter-output>
          </reporter-output>
        </test-method> <!-- configAT -->
      </class> <!-- com.testscripts.demoblazeweb.AddToCart -->
    </test> <!-- Default test -->
  </suite> <!-- Default suite -->
</testng-results>
